  Call of the tunnels.cpp
C:\Users\kubas\Documents\Jakub\Studia\semestr 3\Projekt c++\JakubSzklarzIndywidualnyProjekt\Call of the tunnels\Call of the tunnels\Call of the tunnels.cpp(16,123): warning C4244: 'argument': conversion from 'int' to 'T', possible loss of data
          with
          [
              T=float
          ]
C:\Users\kubas\Documents\Jakub\Studia\semestr 3\Projekt c++\JakubSzklarzIndywidualnyProjekt\Call of the tunnels\Call of the tunnels\Call of the tunnels.cpp(16,120): warning C4244: 'argument': conversion from 'int' to 'T', possible loss of data
          with
          [
              T=float
          ]
C:\Users\kubas\Documents\Jakub\Studia\semestr 3\Projekt c++\JakubSzklarzIndywidualnyProjekt\Call of the tunnels\Call of the tunnels\Call of the tunnels.cpp(17,97): warning C4244: 'argument': conversion from 'int' to 'T', possible loss of data
          with
          [
              T=float
          ]
C:\Users\kubas\Documents\Jakub\Studia\semestr 3\Projekt c++\JakubSzklarzIndywidualnyProjekt\Call of the tunnels\Call of the tunnels\Call of the tunnels.cpp(17,94): warning C4244: 'argument': conversion from 'int' to 'T', possible loss of data
          with
          [
              T=float
          ]
C:\Users\kubas\Documents\Jakub\Studia\semestr 3\Projekt c++\JakubSzklarzIndywidualnyProjekt\Call of the tunnels\Call of the tunnels\Call of the tunnels.cpp(160,67): warning C4244: 'argument': conversion from 'int' to 'T', possible loss of data
          with
          [
              T=float
          ]
C:\Users\kubas\Documents\Jakub\Studia\semestr 3\Projekt c++\JakubSzklarzIndywidualnyProjekt\Call of the tunnels\Call of the tunnels\Call of the tunnels.cpp(165,64): warning C4244: 'argument': conversion from 'int' to 'T', possible loss of data
          with
          [
              T=float
          ]
C:\Users\kubas\Documents\Jakub\Studia\semestr 3\Projekt c++\JakubSzklarzIndywidualnyProjekt\Call of the tunnels\Call of the tunnels\Call of the tunnels.cpp(197,57): warning C4267: '=': conversion from 'size_t' to 'int', possible loss of data
C:\Users\kubas\Documents\Jakub\Studia\semestr 3\Projekt c++\JakubSzklarzIndywidualnyProjekt\Call of the tunnels\Call of the tunnels\Call of the tunnels.cpp(205,57): warning C4267: '=': conversion from 'size_t' to 'int', possible loss of data
  Call of the tunnels.vcxproj -> C:\Users\kubas\Documents\Jakub\Studia\semestr 3\Projekt c++\JakubSzklarzIndywidualnyProjekt\Call of the tunnels\x64\Debug\Call of the tunnels.exe
